2026-01-05 08:29:01.331 [main] INFO  com.ids.NetworkTrafficAnalyzer - Opened interface: \Device\NPF_{2469318B-8544-42C2-9267-985AE6750D05} (Realtek PCIe GbE Family Controller)
2026-01-05 08:29:01.333 [main] INFO  com.ids.NetworkTrafficAnalyzer - ========== Network Traffic Analyzer Started ==========
2026-01-05 08:29:01.333 [main] INFO  com.ids.NetworkTrafficAnalyzer - Interface: \Device\NPF_{2469318B-8544-42C2-9267-985AE6750D05}
2026-01-05 08:29:01.333 [main] INFO  com.ids.NetworkTrafficAnalyzer - Backend URL: http://localhost:8888/predict
2026-01-05 08:29:01.333 [main] INFO  com.ids.NetworkTrafficAnalyzer - Thread Pool Size: 4
2026-01-05 08:29:01.333 [main] INFO  com.ids.NetworkTrafficAnalyzer - ========================================================
2026-01-05 08:29:01.333 [main] INFO  com.ids.NetworkTrafficAnalyzer - Starting packet capture...
2026-01-05 08:30:01.517 [Thread-0] INFO  com.ids.NetworkTrafficAnalyzer - Stopping packet capture...
2026-01-05 08:30:01.518 [main] INFO  com.ids.NetworkTrafficAnalyzer - Packet capture interrupted
2026-01-05 08:30:01.519 [Thread-0] INFO  com.ids.NetworkTrafficAnalyzer - Packet capture stopped
2026-01-05 08:30:07.026 [main] INFO  com.ids.NetworkTrafficAnalyzer - Opened interface: \Device\NPF_{2469318B-8544-42C2-9267-985AE6750D05} (Realtek PCIe GbE Family Controller)
2026-01-05 08:30:07.028 [main] INFO  com.ids.NetworkTrafficAnalyzer - ========== Network Traffic Analyzer Started ==========
2026-01-05 08:30:07.028 [main] INFO  com.ids.NetworkTrafficAnalyzer - Interface: \Device\NPF_{2469318B-8544-42C2-9267-985AE6750D05}
2026-01-05 08:30:07.028 [main] INFO  com.ids.NetworkTrafficAnalyzer - Backend URL: http://localhost:8888/predict
2026-01-05 08:30:07.028 [main] INFO  com.ids.NetworkTrafficAnalyzer - Thread Pool Size: 4
2026-01-05 08:30:07.028 [main] INFO  com.ids.NetworkTrafficAnalyzer - ========================================================
2026-01-05 08:30:07.028 [main] INFO  com.ids.NetworkTrafficAnalyzer - Starting packet capture...
2026-01-05 08:31:05.954 [Thread-0] INFO  com.ids.NetworkTrafficAnalyzer - Stopping packet capture...
2026-01-05 08:31:05.954 [main] INFO  com.ids.NetworkTrafficAnalyzer - Packet capture interrupted
2026-01-05 08:31:05.955 [Thread-0] INFO  com.ids.NetworkTrafficAnalyzer - Packet capture stopped
2026-01-05 08:31:36.162 [main] INFO  com.ids.NetworkTrafficAnalyzer - Opened interface: \Device\NPF_{2469318B-8544-42C2-9267-985AE6750D05} (Realtek PCIe GbE Family Controller)
2026-01-05 08:31:36.165 [main] INFO  com.ids.NetworkTrafficAnalyzer - ========== Network Traffic Analyzer Started ==========
2026-01-05 08:31:36.165 [main] INFO  com.ids.NetworkTrafficAnalyzer - Interface: \Device\NPF_{2469318B-8544-42C2-9267-985AE6750D05}
2026-01-05 08:31:36.165 [main] INFO  com.ids.NetworkTrafficAnalyzer - Backend URL: http://localhost:8888/predict
2026-01-05 08:31:36.165 [main] INFO  com.ids.NetworkTrafficAnalyzer - Thread Pool Size: 4
2026-01-05 08:31:36.165 [main] INFO  com.ids.NetworkTrafficAnalyzer - ========================================================
2026-01-05 08:31:36.165 [main] INFO  com.ids.NetworkTrafficAnalyzer - Starting packet capture...
2026-01-05 08:32:30.132 [Thread-0] INFO  com.ids.NetworkTrafficAnalyzer - Stopping packet capture...
2026-01-05 08:32:30.132 [main] INFO  com.ids.NetworkTrafficAnalyzer - Packet capture interrupted
2026-01-05 08:32:30.133 [Thread-0] INFO  com.ids.NetworkTrafficAnalyzer - Packet capture stopped
2026-01-05 08:32:39.391 [main] INFO  com.ids.NetworkTrafficAnalyzer - Opened interface: \Device\NPF_{2469318B-8544-42C2-9267-985AE6750D05} (Realtek PCIe GbE Family Controller)
2026-01-05 08:32:39.393 [main] INFO  com.ids.NetworkTrafficAnalyzer - ========== Network Traffic Analyzer Started ==========
2026-01-05 08:32:39.394 [main] INFO  com.ids.NetworkTrafficAnalyzer - Interface: \Device\NPF_{2469318B-8544-42C2-9267-985AE6750D05}
2026-01-05 08:32:39.394 [main] INFO  com.ids.NetworkTrafficAnalyzer - Backend URL: http://localhost:8888/predict
2026-01-05 08:32:39.394 [main] INFO  com.ids.NetworkTrafficAnalyzer - Thread Pool Size: 4
2026-01-05 08:32:39.394 [main] INFO  com.ids.NetworkTrafficAnalyzer - ========================================================
2026-01-05 08:32:39.394 [main] INFO  com.ids.NetworkTrafficAnalyzer - Starting packet capture...
2026-01-05 08:32:46.677 [Thread-0] INFO  com.ids.NetworkTrafficAnalyzer - Stopping packet capture...
2026-01-05 08:32:46.677 [main] INFO  com.ids.NetworkTrafficAnalyzer - Packet capture interrupted
2026-01-05 08:32:46.678 [Thread-0] INFO  com.ids.NetworkTrafficAnalyzer - Packet capture stopped
2026-01-05 08:33:01.230 [main] INFO  com.ids.NetworkTrafficAnalyzer - Opened interface: \Device\NPF_{2469318B-8544-42C2-9267-985AE6750D05} (Realtek PCIe GbE Family Controller)
2026-01-05 08:33:01.232 [main] INFO  com.ids.NetworkTrafficAnalyzer - ========== Network Traffic Analyzer Started ==========
2026-01-05 08:33:01.233 [main] INFO  com.ids.NetworkTrafficAnalyzer - Interface: \Device\NPF_{2469318B-8544-42C2-9267-985AE6750D05}
2026-01-05 08:33:01.233 [main] INFO  com.ids.NetworkTrafficAnalyzer - Backend URL: http://localhost:8888/predict
2026-01-05 08:33:01.233 [main] INFO  com.ids.NetworkTrafficAnalyzer - Thread Pool Size: 4
2026-01-05 08:33:01.233 [main] INFO  com.ids.NetworkTrafficAnalyzer - ========================================================
2026-01-05 08:33:01.233 [main] INFO  com.ids.NetworkTrafficAnalyzer - Starting packet capture...
2026-01-05 08:33:12.314 [Thread-0] INFO  com.ids.NetworkTrafficAnalyzer - Stopping packet capture...
2026-01-05 08:33:12.315 [main] INFO  com.ids.NetworkTrafficAnalyzer - Packet capture interrupted
2026-01-05 08:33:12.316 [Thread-0] INFO  com.ids.NetworkTrafficAnalyzer - Packet capture stopped
2026-01-05 08:33:13.849 [main] INFO  com.ids.NetworkTrafficAnalyzer - Opened interface: \Device\NPF_{2469318B-8544-42C2-9267-985AE6750D05} (Realtek PCIe GbE Family Controller)
2026-01-05 08:33:13.851 [main] INFO  com.ids.NetworkTrafficAnalyzer - ========== Network Traffic Analyzer Started ==========
2026-01-05 08:33:13.852 [main] INFO  com.ids.NetworkTrafficAnalyzer - Interface: \Device\NPF_{2469318B-8544-42C2-9267-985AE6750D05}
2026-01-05 08:33:13.852 [main] INFO  com.ids.NetworkTrafficAnalyzer - Backend URL: http://localhost:8888/predict
2026-01-05 08:33:13.852 [main] INFO  com.ids.NetworkTrafficAnalyzer - Thread Pool Size: 4
2026-01-05 08:33:13.852 [main] INFO  com.ids.NetworkTrafficAnalyzer - ========================================================
2026-01-05 08:33:13.852 [main] INFO  com.ids.NetworkTrafficAnalyzer - Starting packet capture...
2026-01-05 08:33:16.704 [Thread-0] INFO  com.ids.NetworkTrafficAnalyzer - Stopping packet capture...
2026-01-05 08:33:16.705 [main] INFO  com.ids.NetworkTrafficAnalyzer - Packet capture interrupted
2026-01-05 08:33:16.706 [Thread-0] INFO  com.ids.NetworkTrafficAnalyzer - Packet capture stopped
2026-01-05 08:33:47.586 [main] INFO  com.ids.NetworkTrafficAnalyzer - Opened interface: \Device\NPF_{2469318B-8544-42C2-9267-985AE6750D05} (Realtek PCIe GbE Family Controller)
2026-01-05 08:33:47.589 [main] INFO  com.ids.NetworkTrafficAnalyzer - ========== Network Traffic Analyzer Started ==========
2026-01-05 08:33:47.589 [main] INFO  com.ids.NetworkTrafficAnalyzer - Interface: \Device\NPF_{2469318B-8544-42C2-9267-985AE6750D05}
2026-01-05 08:33:47.589 [main] INFO  com.ids.NetworkTrafficAnalyzer - Backend URL: http://localhost:8888/predict
2026-01-05 08:33:47.589 [main] INFO  com.ids.NetworkTrafficAnalyzer - Thread Pool Size: 4
2026-01-05 08:33:47.589 [main] INFO  com.ids.NetworkTrafficAnalyzer - ========================================================
2026-01-05 08:33:47.589 [main] INFO  com.ids.NetworkTrafficAnalyzer - Starting packet capture...
2026-01-05 08:34:02.961 [Thread-0] INFO  com.ids.NetworkTrafficAnalyzer - Stopping packet capture...
2026-01-05 08:34:02.962 [main] INFO  com.ids.NetworkTrafficAnalyzer - Packet capture interrupted
2026-01-05 08:34:02.963 [Thread-0] INFO  com.ids.NetworkTrafficAnalyzer - Packet capture stopped
2026-01-05 08:34:30.347 [main] INFO  com.ids.NetworkTrafficAnalyzer - Opened interface: \Device\NPF_{2469318B-8544-42C2-9267-985AE6750D05} (Realtek PCIe GbE Family Controller)
2026-01-05 08:34:30.349 [main] INFO  com.ids.NetworkTrafficAnalyzer - ========== Network Traffic Analyzer Started ==========
2026-01-05 08:34:30.349 [main] INFO  com.ids.NetworkTrafficAnalyzer - Interface: \Device\NPF_{2469318B-8544-42C2-9267-985AE6750D05}
2026-01-05 08:34:30.350 [main] INFO  com.ids.NetworkTrafficAnalyzer - Backend URL: http://localhost:8888/predict
2026-01-05 08:34:30.350 [main] INFO  com.ids.NetworkTrafficAnalyzer - Thread Pool Size: 4
2026-01-05 08:34:30.350 [main] INFO  com.ids.NetworkTrafficAnalyzer - ========================================================
2026-01-05 08:34:30.350 [main] INFO  com.ids.NetworkTrafficAnalyzer - Starting packet capture...
2026-01-05 08:34:40.616 [Thread-0] INFO  com.ids.NetworkTrafficAnalyzer - Stopping packet capture...
2026-01-05 08:34:40.616 [main] INFO  com.ids.NetworkTrafficAnalyzer - Packet capture interrupted
2026-01-05 08:34:40.617 [Thread-0] INFO  com.ids.NetworkTrafficAnalyzer - Packet capture stopped
2026-01-05 08:35:01.169 [main] INFO  com.ids.NetworkTrafficAnalyzer - Opened interface: \Device\NPF_{2469318B-8544-42C2-9267-985AE6750D05} (Realtek PCIe GbE Family Controller)
2026-01-05 08:35:01.171 [main] INFO  com.ids.NetworkTrafficAnalyzer - ========== Network Traffic Analyzer Started ==========
2026-01-05 08:35:01.171 [main] INFO  com.ids.NetworkTrafficAnalyzer - Interface: \Device\NPF_{2469318B-8544-42C2-9267-985AE6750D05}
2026-01-05 08:35:01.171 [main] INFO  com.ids.NetworkTrafficAnalyzer - Backend URL: http://localhost:8888/predict
2026-01-05 08:35:01.171 [main] INFO  com.ids.NetworkTrafficAnalyzer - Thread Pool Size: 4
2026-01-05 08:35:01.171 [main] INFO  com.ids.NetworkTrafficAnalyzer - ========================================================
2026-01-05 08:35:01.172 [main] INFO  com.ids.NetworkTrafficAnalyzer - Starting packet capture...
2026-01-05 08:37:33.102 [Thread-0] INFO  com.ids.NetworkTrafficAnalyzer - Stopping packet capture...
2026-01-05 08:37:33.103 [main] INFO  com.ids.NetworkTrafficAnalyzer - Packet capture interrupted
2026-01-05 08:37:33.104 [Thread-0] INFO  com.ids.NetworkTrafficAnalyzer - Packet capture stopped
2026-01-05 08:37:41.812 [main] ERROR com.ids.NetworkTrafficAnalyzer - Pcap error: Interface not found: \Device\NPF_{2469318B-8544-42C2-9267-985AE6750D05
2026-01-05 08:37:58.344 [main] INFO  com.ids.NetworkTrafficAnalyzer - Opened interface: \Device\NPF_{2469318B-8544-42C2-9267-985AE6750D05} (Realtek PCIe GbE Family Controller)
2026-01-05 08:37:58.346 [main] INFO  com.ids.NetworkTrafficAnalyzer - ========== Network Traffic Analyzer Started ==========
2026-01-05 08:37:58.346 [main] INFO  com.ids.NetworkTrafficAnalyzer - Interface: \Device\NPF_{2469318B-8544-42C2-9267-985AE6750D05}
2026-01-05 08:37:58.346 [main] INFO  com.ids.NetworkTrafficAnalyzer - Backend URL: http://localhost:8888/predict
2026-01-05 08:37:58.346 [main] INFO  com.ids.NetworkTrafficAnalyzer - Thread Pool Size: 4
2026-01-05 08:37:58.346 [main] INFO  com.ids.NetworkTrafficAnalyzer - ========================================================
2026-01-05 08:37:58.346 [main] INFO  com.ids.NetworkTrafficAnalyzer - Starting packet capture...
2026-01-05 08:38:07.552 [Thread-0] INFO  com.ids.NetworkTrafficAnalyzer - Stopping packet capture...
2026-01-05 08:38:07.552 [main] INFO  com.ids.NetworkTrafficAnalyzer - Packet capture interrupted
2026-01-05 08:38:07.553 [Thread-0] INFO  com.ids.NetworkTrafficAnalyzer - Packet capture stopped
2026-01-05 08:38:38.098 [main] INFO  com.ids.NetworkTrafficAnalyzer - Opened interface: \Device\NPF_{2469318B-8544-42C2-9267-985AE6750D05} (Realtek PCIe GbE Family Controller)
2026-01-05 08:38:38.100 [main] INFO  com.ids.NetworkTrafficAnalyzer - ========== Network Traffic Analyzer Started ==========
2026-01-05 08:38:38.100 [main] INFO  com.ids.NetworkTrafficAnalyzer - Interface: \Device\NPF_{2469318B-8544-42C2-9267-985AE6750D05}
2026-01-05 08:38:38.100 [main] INFO  com.ids.NetworkTrafficAnalyzer - Backend URL: http://localhost:8888/predict
2026-01-05 08:38:38.100 [main] INFO  com.ids.NetworkTrafficAnalyzer - Thread Pool Size: 4
2026-01-05 08:38:38.100 [main] INFO  com.ids.NetworkTrafficAnalyzer - ========================================================
2026-01-05 08:38:38.100 [main] INFO  com.ids.NetworkTrafficAnalyzer - Starting packet capture...
2026-01-05 08:38:58.209 [Thread-0] INFO  com.ids.NetworkTrafficAnalyzer - Stopping packet capture...
2026-01-05 08:38:58.210 [main] INFO  com.ids.NetworkTrafficAnalyzer - Packet capture interrupted
2026-01-05 08:38:58.211 [Thread-0] INFO  com.ids.NetworkTrafficAnalyzer - Packet capture stopped
2026-01-05 08:39:04.004 [main] INFO  com.ids.NetworkTrafficAnalyzer - Opened interface: \Device\NPF_{2469318B-8544-42C2-9267-985AE6750D05} (Realtek PCIe GbE Family Controller)
2026-01-05 08:39:04.007 [main] INFO  com.ids.NetworkTrafficAnalyzer - ========== Network Traffic Analyzer Started ==========
2026-01-05 08:39:04.007 [main] INFO  com.ids.NetworkTrafficAnalyzer - Interface: \Device\NPF_{2469318B-8544-42C2-9267-985AE6750D05}
2026-01-05 08:39:04.007 [main] INFO  com.ids.NetworkTrafficAnalyzer - Backend URL: http://localhost:8888/predict
2026-01-05 08:39:04.007 [main] INFO  com.ids.NetworkTrafficAnalyzer - Thread Pool Size: 4
2026-01-05 08:39:04.007 [main] INFO  com.ids.NetworkTrafficAnalyzer - ========================================================
2026-01-05 08:39:04.007 [main] INFO  com.ids.NetworkTrafficAnalyzer - Starting packet capture...
2026-01-05 08:39:06.736 [Thread-0] INFO  com.ids.NetworkTrafficAnalyzer - Stopping packet capture...
2026-01-05 08:39:06.737 [main] INFO  com.ids.NetworkTrafficAnalyzer - Packet capture interrupted
2026-01-05 08:39:06.738 [Thread-0] INFO  com.ids.NetworkTrafficAnalyzer - Packet capture stopped
2026-01-05 08:39:21.601 [main] INFO  com.ids.NetworkTrafficAnalyzer - Opened interface: \Device\NPF_{2469318B-8544-42C2-9267-985AE6750D05} (Realtek PCIe GbE Family Controller)
2026-01-05 08:39:21.604 [main] INFO  com.ids.NetworkTrafficAnalyzer - ========== Network Traffic Analyzer Started ==========
2026-01-05 08:39:21.604 [main] INFO  com.ids.NetworkTrafficAnalyzer - Interface: \Device\NPF_{2469318B-8544-42C2-9267-985AE6750D05}
2026-01-05 08:39:21.604 [main] INFO  com.ids.NetworkTrafficAnalyzer - Backend URL: http://localhost:8888/predict
2026-01-05 08:39:21.604 [main] INFO  com.ids.NetworkTrafficAnalyzer - Thread Pool Size: 4
2026-01-05 08:39:21.604 [main] INFO  com.ids.NetworkTrafficAnalyzer - ========================================================
2026-01-05 08:39:21.604 [main] INFO  com.ids.NetworkTrafficAnalyzer - Starting packet capture...
2026-01-05 08:39:36.061 [Thread-0] INFO  com.ids.NetworkTrafficAnalyzer - Stopping packet capture...
2026-01-05 08:39:36.062 [main] INFO  com.ids.NetworkTrafficAnalyzer - Packet capture interrupted
2026-01-05 08:39:36.063 [Thread-0] INFO  com.ids.NetworkTrafficAnalyzer - Packet capture stopped
2026-01-05 08:40:16.895 [main] INFO  com.ids.NetworkTrafficAnalyzer - Opened interface: \Device\NPF_{2469318B-8544-42C2-9267-985AE6750D05} (Realtek PCIe GbE Family Controller)
2026-01-05 08:40:16.897 [main] INFO  com.ids.NetworkTrafficAnalyzer - ========== Network Traffic Analyzer Started ==========
2026-01-05 08:40:16.898 [main] INFO  com.ids.NetworkTrafficAnalyzer - Interface: \Device\NPF_{2469318B-8544-42C2-9267-985AE6750D05}
2026-01-05 08:40:16.898 [main] INFO  com.ids.NetworkTrafficAnalyzer - Backend URL: http://localhost:8888/predict
2026-01-05 08:40:16.898 [main] INFO  com.ids.NetworkTrafficAnalyzer - Thread Pool Size: 4
2026-01-05 08:40:16.898 [main] INFO  com.ids.NetworkTrafficAnalyzer - ========================================================
2026-01-05 08:40:16.898 [main] INFO  com.ids.NetworkTrafficAnalyzer - Starting packet capture...
2026-01-05 08:40:24.804 [Thread-0] INFO  com.ids.NetworkTrafficAnalyzer - Stopping packet capture...
2026-01-05 08:40:24.805 [main] INFO  com.ids.NetworkTrafficAnalyzer - Packet capture interrupted
2026-01-05 08:40:24.806 [Thread-0] INFO  com.ids.NetworkTrafficAnalyzer - Packet capture stopped
2026-01-05 08:40:53.996 [main] INFO  com.ids.NetworkTrafficAnalyzer - Opened interface: \Device\NPF_{2469318B-8544-42C2-9267-985AE6750D05} (Realtek PCIe GbE Family Controller)
2026-01-05 08:40:53.998 [main] INFO  com.ids.NetworkTrafficAnalyzer - ========== Network Traffic Analyzer Started ==========
2026-01-05 08:40:53.998 [main] INFO  com.ids.NetworkTrafficAnalyzer - Interface: \Device\NPF_{2469318B-8544-42C2-9267-985AE6750D05}
2026-01-05 08:40:53.998 [main] INFO  com.ids.NetworkTrafficAnalyzer - Backend URL: http://localhost:8888/predict
2026-01-05 08:40:53.998 [main] INFO  com.ids.NetworkTrafficAnalyzer - Thread Pool Size: 4
2026-01-05 08:40:53.998 [main] INFO  com.ids.NetworkTrafficAnalyzer - ========================================================
2026-01-05 08:40:53.998 [main] INFO  com.ids.NetworkTrafficAnalyzer - Starting packet capture...
2026-01-05 08:41:21.016 [Thread-0] INFO  com.ids.NetworkTrafficAnalyzer - Stopping packet capture...
2026-01-05 08:41:21.017 [main] INFO  com.ids.NetworkTrafficAnalyzer - Packet capture interrupted
2026-01-05 08:41:21.018 [Thread-0] INFO  com.ids.NetworkTrafficAnalyzer - Packet capture stopped
2026-01-05 08:42:25.100 [main] INFO  com.ids.NetworkTrafficAnalyzer - Opened interface: \Device\NPF_{4A2E2DA6-481C-4226-988E-E9BE13F44792} (Microsoft Wi-Fi Direct Virtual Adapter #2)
2026-01-05 08:42:25.102 [main] INFO  com.ids.NetworkTrafficAnalyzer - ========== Network Traffic Analyzer Started ==========
2026-01-05 08:42:25.102 [main] INFO  com.ids.NetworkTrafficAnalyzer - Interface: \Device\NPF_{4A2E2DA6-481C-4226-988E-E9BE13F44792}
2026-01-05 08:42:25.102 [main] INFO  com.ids.NetworkTrafficAnalyzer - Backend URL: http://localhost:8888/predict
2026-01-05 08:42:25.102 [main] INFO  com.ids.NetworkTrafficAnalyzer - Thread Pool Size: 4
2026-01-05 08:42:25.102 [main] INFO  com.ids.NetworkTrafficAnalyzer - ========================================================
2026-01-05 08:42:25.102 [main] INFO  com.ids.NetworkTrafficAnalyzer - Starting packet capture...
2026-01-05 13:13:55.548 [Thread-0] INFO  com.ids.NetworkTrafficAnalyzer - Stopping packet capture...
2026-01-05 13:13:55.549 [main] INFO  com.ids.NetworkTrafficAnalyzer - Packet capture interrupted
2026-01-05 13:13:55.550 [Thread-0] INFO  com.ids.NetworkTrafficAnalyzer - Packet capture stopped
2026-01-05 13:13:57.478 [main] INFO  com.ids.NetworkTrafficAnalyzer - Opened interface: \Device\NPF_{4A2E2DA6-481C-4226-988E-E9BE13F44792} (Microsoft Wi-Fi Direct Virtual Adapter #2)
2026-01-05 13:13:57.481 [main] INFO  com.ids.NetworkTrafficAnalyzer - ========== Network Traffic Analyzer Started ==========
2026-01-05 13:13:57.481 [main] INFO  com.ids.NetworkTrafficAnalyzer - Interface: \Device\NPF_{4A2E2DA6-481C-4226-988E-E9BE13F44792}
2026-01-05 13:13:57.481 [main] INFO  com.ids.NetworkTrafficAnalyzer - Backend URL: http://localhost:8888/predict
2026-01-05 13:13:57.481 [main] INFO  com.ids.NetworkTrafficAnalyzer - Thread Pool Size: 4
2026-01-05 13:13:57.481 [main] INFO  com.ids.NetworkTrafficAnalyzer - ========================================================
2026-01-05 13:13:57.481 [main] INFO  com.ids.NetworkTrafficAnalyzer - Starting packet capture...
2026-01-05 13:14:37.009 [Thread-0] INFO  com.ids.NetworkTrafficAnalyzer - Stopping packet capture...
2026-01-05 13:14:37.009 [main] INFO  com.ids.NetworkTrafficAnalyzer - Packet capture interrupted
2026-01-05 13:14:37.010 [Thread-0] INFO  com.ids.NetworkTrafficAnalyzer - Packet capture stopped
2026-01-05 13:14:44.535 [main] INFO  com.ids.NetworkTrafficAnalyzer - Opened interface: \Device\NPF_{4A2E2DA6-481C-4226-988E-E9BE13F44792} (Microsoft Wi-Fi Direct Virtual Adapter #2)
2026-01-05 13:14:44.537 [main] INFO  com.ids.NetworkTrafficAnalyzer - ========== Network Traffic Analyzer Started ==========
2026-01-05 13:14:44.537 [main] INFO  com.ids.NetworkTrafficAnalyzer - Interface: \Device\NPF_{4A2E2DA6-481C-4226-988E-E9BE13F44792}
2026-01-05 13:14:44.537 [main] INFO  com.ids.NetworkTrafficAnalyzer - Backend URL: http://localhost:8888/predict
2026-01-05 13:14:44.537 [main] INFO  com.ids.NetworkTrafficAnalyzer - Thread Pool Size: 4
2026-01-05 13:14:44.537 [main] INFO  com.ids.NetworkTrafficAnalyzer - ========================================================
2026-01-05 13:14:44.537 [main] INFO  com.ids.NetworkTrafficAnalyzer - Starting packet capture...
2026-01-05 13:14:51.492 [Thread-0] INFO  com.ids.NetworkTrafficAnalyzer - Stopping packet capture...
2026-01-05 13:14:51.493 [main] INFO  com.ids.NetworkTrafficAnalyzer - Packet capture interrupted
2026-01-05 13:14:51.494 [Thread-0] INFO  com.ids.NetworkTrafficAnalyzer - Packet capture stopped
2026-01-05 14:50:05.343 [main] INFO  com.ids.NetworkTrafficAnalyzer - Opened interface: \Device\NPF_{2469318B-8544-42C2-9267-985AE6750D05} (Realtek PCIe GbE Family Controller)
2026-01-05 14:50:05.346 [main] INFO  com.ids.NetworkTrafficAnalyzer - ========== Network Traffic Analyzer Started ==========
2026-01-05 14:50:05.346 [main] INFO  com.ids.NetworkTrafficAnalyzer - Interface: \Device\NPF_{2469318B-8544-42C2-9267-985AE6750D05}
2026-01-05 14:50:05.346 [main] INFO  com.ids.NetworkTrafficAnalyzer - Backend URL: http://localhost:8888/predict
2026-01-05 14:50:05.346 [main] INFO  com.ids.NetworkTrafficAnalyzer - Thread Pool Size: 4
2026-01-05 14:50:05.346 [main] INFO  com.ids.NetworkTrafficAnalyzer - ========================================================
2026-01-05 14:50:05.346 [main] INFO  com.ids.NetworkTrafficAnalyzer - Starting packet capture...
2026-01-05 14:50:34.897 [Thread-0] INFO  com.ids.NetworkTrafficAnalyzer - Stopping packet capture...
2026-01-05 14:50:34.898 [main] INFO  com.ids.NetworkTrafficAnalyzer - Packet capture interrupted
2026-01-05 14:50:34.899 [Thread-0] INFO  com.ids.NetworkTrafficAnalyzer - Packet capture stopped
2026-01-05 17:36:59.043 [main] INFO  com.ids.NetworkTrafficAnalyzer - Opened interface: \Device\NPF_{2469318B-8544-42C2-9267-985AE6750D05} (Realtek PCIe GbE Family Controller)
2026-01-05 17:36:59.046 [main] INFO  com.ids.NetworkTrafficAnalyzer - ========== Network Traffic Analyzer Started ==========
2026-01-05 17:36:59.046 [main] INFO  com.ids.NetworkTrafficAnalyzer - Interface: \Device\NPF_{2469318B-8544-42C2-9267-985AE6750D05}
2026-01-05 17:36:59.046 [main] INFO  com.ids.NetworkTrafficAnalyzer - Backend URL: http://localhost:8888/predict
2026-01-05 17:36:59.046 [main] INFO  com.ids.NetworkTrafficAnalyzer - Thread Pool Size: 4
2026-01-05 17:36:59.046 [main] INFO  com.ids.NetworkTrafficAnalyzer - ========================================================
2026-01-05 17:36:59.046 [main] INFO  com.ids.NetworkTrafficAnalyzer - Starting packet capture...
2026-01-05 17:37:14.745 [Thread-0] INFO  com.ids.NetworkTrafficAnalyzer - Stopping packet capture...
2026-01-05 17:37:14.746 [main] INFO  com.ids.NetworkTrafficAnalyzer - Packet capture interrupted
2026-01-05 17:37:14.747 [Thread-0] INFO  com.ids.NetworkTrafficAnalyzer - Packet capture stopped
2026-01-05 17:37:45.014 [main] INFO  com.ids.NetworkTrafficAnalyzer - Opened interface: \Device\NPF_{4A2E2DA6-481C-4226-988E-E9BE13F44792} (Microsoft Wi-Fi Direct Virtual Adapter #2)
2026-01-05 17:37:45.016 [main] INFO  com.ids.NetworkTrafficAnalyzer - ========== Network Traffic Analyzer Started ==========
2026-01-05 17:37:45.016 [main] INFO  com.ids.NetworkTrafficAnalyzer - Interface: \Device\NPF_{4A2E2DA6-481C-4226-988E-E9BE13F44792}
2026-01-05 17:37:45.016 [main] INFO  com.ids.NetworkTrafficAnalyzer - Backend URL: http://localhost:8888/predict
2026-01-05 17:37:45.016 [main] INFO  com.ids.NetworkTrafficAnalyzer - Thread Pool Size: 4
2026-01-05 17:37:45.016 [main] INFO  com.ids.NetworkTrafficAnalyzer - ========================================================
2026-01-05 17:37:45.016 [main] INFO  com.ids.NetworkTrafficAnalyzer - Starting packet capture...
2026-01-05 17:37:53.530 [Thread-0] INFO  com.ids.NetworkTrafficAnalyzer - Stopping packet capture...
2026-01-05 17:37:53.530 [main] INFO  com.ids.NetworkTrafficAnalyzer - Packet capture interrupted
2026-01-05 17:37:53.531 [Thread-0] INFO  com.ids.NetworkTrafficAnalyzer - Packet capture stopped
2026-01-05 17:38:56.049 [main] INFO  com.ids.NetworkTrafficAnalyzer - Opened interface: \Device\NPF_{4A2E2DA6-481C-4226-988E-E9BE13F44792} (Microsoft Wi-Fi Direct Virtual Adapter #2)
2026-01-05 17:38:56.053 [main] INFO  com.ids.NetworkTrafficAnalyzer - ========== Network Traffic Analyzer Started ==========
2026-01-05 17:38:56.053 [main] INFO  com.ids.NetworkTrafficAnalyzer - Interface: \Device\NPF_{4A2E2DA6-481C-4226-988E-E9BE13F44792}
2026-01-05 17:38:56.053 [main] INFO  com.ids.NetworkTrafficAnalyzer - Backend URL: http://localhost:8888/predict
2026-01-05 17:38:56.053 [main] INFO  com.ids.NetworkTrafficAnalyzer - Thread Pool Size: 4
2026-01-05 17:38:56.053 [main] INFO  com.ids.NetworkTrafficAnalyzer - ========================================================
2026-01-05 17:38:56.053 [main] INFO  com.ids.NetworkTrafficAnalyzer - Starting packet capture...
2026-01-05 17:39:46.741 [Thread-0] INFO  com.ids.NetworkTrafficAnalyzer - Stopping packet capture...
2026-01-05 17:39:46.742 [main] INFO  com.ids.NetworkTrafficAnalyzer - Packet capture interrupted
2026-01-05 17:39:46.742 [Thread-0] INFO  com.ids.NetworkTrafficAnalyzer - Packet capture stopped
2026-01-05 17:39:48.677 [main] INFO  com.ids.NetworkTrafficAnalyzer - Opened interface: \Device\NPF_{4A2E2DA6-481C-4226-988E-E9BE13F44792} (Microsoft Wi-Fi Direct Virtual Adapter #2)
2026-01-05 17:39:48.679 [main] INFO  com.ids.NetworkTrafficAnalyzer - ========== Network Traffic Analyzer Started ==========
2026-01-05 17:39:48.679 [main] INFO  com.ids.NetworkTrafficAnalyzer - Interface: \Device\NPF_{4A2E2DA6-481C-4226-988E-E9BE13F44792}
2026-01-05 17:39:48.679 [main] INFO  com.ids.NetworkTrafficAnalyzer - Backend URL: http://localhost:8888/predict
2026-01-05 17:39:48.679 [main] INFO  com.ids.NetworkTrafficAnalyzer - Thread Pool Size: 4
2026-01-05 17:39:48.679 [main] INFO  com.ids.NetworkTrafficAnalyzer - ========================================================
2026-01-05 17:39:48.679 [main] INFO  com.ids.NetworkTrafficAnalyzer - Starting packet capture...
2026-01-05 17:41:07.899 [Thread-0] INFO  com.ids.NetworkTrafficAnalyzer - Stopping packet capture...
2026-01-05 17:41:07.900 [main] INFO  com.ids.NetworkTrafficAnalyzer - Packet capture interrupted
2026-01-05 17:41:07.901 [Thread-0] INFO  com.ids.NetworkTrafficAnalyzer - Packet capture stopped
2026-01-05 17:41:10.774 [main] INFO  com.ids.NetworkTrafficAnalyzer - Opened interface: \Device\NPF_{4A2E2DA6-481C-4226-988E-E9BE13F44792} (Microsoft Wi-Fi Direct Virtual Adapter #2)
2026-01-05 17:41:10.776 [main] INFO  com.ids.NetworkTrafficAnalyzer - ========== Network Traffic Analyzer Started ==========
2026-01-05 17:41:10.776 [main] INFO  com.ids.NetworkTrafficAnalyzer - Interface: \Device\NPF_{4A2E2DA6-481C-4226-988E-E9BE13F44792}
2026-01-05 17:41:10.776 [main] INFO  com.ids.NetworkTrafficAnalyzer - Backend URL: http://localhost:8888/predict
2026-01-05 17:41:10.776 [main] INFO  com.ids.NetworkTrafficAnalyzer - Thread Pool Size: 4
2026-01-05 17:41:10.776 [main] INFO  com.ids.NetworkTrafficAnalyzer - ========================================================
2026-01-05 17:41:10.776 [main] INFO  com.ids.NetworkTrafficAnalyzer - Starting packet capture...
2026-01-05 17:41:25.071 [Thread-0] INFO  com.ids.NetworkTrafficAnalyzer - Stopping packet capture...
2026-01-05 17:41:25.072 [main] INFO  com.ids.NetworkTrafficAnalyzer - Packet capture interrupted
2026-01-05 17:41:25.073 [Thread-0] INFO  com.ids.NetworkTrafficAnalyzer - Packet capture stopped
2026-01-05 17:41:27.882 [main] INFO  com.ids.NetworkTrafficAnalyzer - Opened interface: \Device\NPF_{4A2E2DA6-481C-4226-988E-E9BE13F44792} (Microsoft Wi-Fi Direct Virtual Adapter #2)
2026-01-05 17:41:27.885 [main] INFO  com.ids.NetworkTrafficAnalyzer - ========== Network Traffic Analyzer Started ==========
2026-01-05 17:41:27.886 [main] INFO  com.ids.NetworkTrafficAnalyzer - Interface: \Device\NPF_{4A2E2DA6-481C-4226-988E-E9BE13F44792}
2026-01-05 17:41:27.886 [main] INFO  com.ids.NetworkTrafficAnalyzer - Backend URL: http://localhost:8888/predict
2026-01-05 17:41:27.886 [main] INFO  com.ids.NetworkTrafficAnalyzer - Thread Pool Size: 4
2026-01-05 17:41:27.886 [main] INFO  com.ids.NetworkTrafficAnalyzer - ========================================================
2026-01-05 17:41:27.886 [main] INFO  com.ids.NetworkTrafficAnalyzer - Starting packet capture...
2026-01-05 17:41:27.886 [main] INFO  com.ids.NetworkTrafficAnalyzer - Starting network traffic analyzer...
2026-01-05 17:41:30.328 [Thread-0] INFO  com.ids.NetworkTrafficAnalyzer - Stopping packet capture...
2026-01-05 17:41:30.328 [main] INFO  com.ids.NetworkTrafficAnalyzer - Packet capture interrupted
2026-01-05 17:41:30.329 [Thread-0] INFO  com.ids.NetworkTrafficAnalyzer - Packet capture stopped
2026-01-05 17:41:51.222 [main] INFO  com.ids.NetworkTrafficAnalyzer - Opened interface: \Device\NPF_{4A2E2DA6-481C-4226-988E-E9BE13F44792} (Microsoft Wi-Fi Direct Virtual Adapter #2)
2026-01-05 17:41:51.224 [main] INFO  com.ids.NetworkTrafficAnalyzer - ========== Network Traffic Analyzer Started ==========
2026-01-05 17:41:51.224 [main] INFO  com.ids.NetworkTrafficAnalyzer - Interface: \Device\NPF_{4A2E2DA6-481C-4226-988E-E9BE13F44792}
2026-01-05 17:41:51.224 [main] INFO  com.ids.NetworkTrafficAnalyzer - Backend URL: http://localhost:8888/predict
2026-01-05 17:41:51.224 [main] INFO  com.ids.NetworkTrafficAnalyzer - Thread Pool Size: 4
2026-01-05 17:41:51.224 [main] INFO  com.ids.NetworkTrafficAnalyzer - ========================================================
2026-01-05 17:41:51.224 [main] INFO  com.ids.NetworkTrafficAnalyzer - Starting packet capture...
2026-01-05 17:42:04.847 [Thread-0] INFO  com.ids.NetworkTrafficAnalyzer - Stopping packet capture...
2026-01-05 17:42:04.848 [main] INFO  com.ids.NetworkTrafficAnalyzer - Packet capture interrupted
2026-01-05 17:42:04.849 [Thread-0] INFO  com.ids.NetworkTrafficAnalyzer - Packet capture stopped
2026-01-05 17:42:44.057 [main] INFO  com.ids.NetworkTrafficAnalyzer - Opened interface: \Device\NPF_{4A2E2DA6-481C-4226-988E-E9BE13F44792} (Microsoft Wi-Fi Direct Virtual Adapter #2)
2026-01-05 17:42:44.059 [main] INFO  com.ids.NetworkTrafficAnalyzer - ========== Network Traffic Analyzer Started ==========
2026-01-05 17:42:44.060 [main] INFO  com.ids.NetworkTrafficAnalyzer - Interface: \Device\NPF_{4A2E2DA6-481C-4226-988E-E9BE13F44792}
2026-01-05 17:42:44.060 [main] INFO  com.ids.NetworkTrafficAnalyzer - Backend URL: http://localhost:8888/predict
2026-01-05 17:42:44.060 [main] INFO  com.ids.NetworkTrafficAnalyzer - Thread Pool Size: 4
2026-01-05 17:42:44.060 [main] INFO  com.ids.NetworkTrafficAnalyzer - ========================================================
2026-01-05 17:42:44.060 [main] INFO  com.ids.NetworkTrafficAnalyzer - Starting packet capture...
2026-01-05 17:43:40.958 [Thread-0] INFO  com.ids.NetworkTrafficAnalyzer - Stopping packet capture...
2026-01-05 17:43:40.959 [main] INFO  com.ids.NetworkTrafficAnalyzer - Packet capture interrupted
2026-01-05 17:43:40.960 [Thread-0] INFO  com.ids.NetworkTrafficAnalyzer - Packet capture stopped
2026-01-05 17:43:43.367 [main] INFO  com.ids.NetworkTrafficAnalyzer - Opened interface: \Device\NPF_{4A2E2DA6-481C-4226-988E-E9BE13F44792} (Microsoft Wi-Fi Direct Virtual Adapter #2)
2026-01-05 17:43:43.369 [main] INFO  com.ids.NetworkTrafficAnalyzer - ========== Network Traffic Analyzer Started ==========
2026-01-05 17:43:43.369 [main] INFO  com.ids.NetworkTrafficAnalyzer - Interface: \Device\NPF_{4A2E2DA6-481C-4226-988E-E9BE13F44792}
2026-01-05 17:43:43.369 [main] INFO  com.ids.NetworkTrafficAnalyzer - Backend URL: http://localhost:8888/predict
2026-01-05 17:43:43.369 [main] INFO  com.ids.NetworkTrafficAnalyzer - Thread Pool Size: 4
2026-01-05 17:43:43.369 [main] INFO  com.ids.NetworkTrafficAnalyzer - ========================================================
2026-01-05 17:43:43.369 [main] INFO  com.ids.NetworkTrafficAnalyzer - Starting packet capture...
2026-01-05 17:43:51.858 [Thread-0] INFO  com.ids.NetworkTrafficAnalyzer - Stopping packet capture...
2026-01-05 17:43:51.859 [Thread-0] INFO  com.ids.NetworkTrafficAnalyzer - Packet capture stopped
2026-01-05 17:47:30.651 [main] INFO  com.ids.NetworkTrafficAnalyzer - Opened interface: \Device\NPF_{4A2E2DA6-481C-4226-988E-E9BE13F44792} (Microsoft Wi-Fi Direct Virtual Adapter #2)
2026-01-05 17:47:30.653 [main] INFO  com.ids.NetworkTrafficAnalyzer - ========== Network Traffic Analyzer Started ==========
2026-01-05 17:47:30.654 [main] INFO  com.ids.NetworkTrafficAnalyzer - Interface: \Device\NPF_{4A2E2DA6-481C-4226-988E-E9BE13F44792}
2026-01-05 17:47:30.654 [main] INFO  com.ids.NetworkTrafficAnalyzer - Backend URL: http://localhost:8888/predict
2026-01-05 17:47:30.654 [main] INFO  com.ids.NetworkTrafficAnalyzer - Thread Pool Size: 4
2026-01-05 17:47:30.654 [main] INFO  com.ids.NetworkTrafficAnalyzer - ========================================================
2026-01-05 17:47:30.654 [main] INFO  com.ids.NetworkTrafficAnalyzer - Starting packet capture...
2026-01-05 17:50:02.925 [Thread-0] INFO  com.ids.NetworkTrafficAnalyzer - Stopping packet capture...
2026-01-05 17:50:02.925 [main] INFO  com.ids.NetworkTrafficAnalyzer - Packet capture interrupted
2026-01-05 17:50:02.926 [Thread-0] INFO  com.ids.NetworkTrafficAnalyzer - Packet capture stopped
2026-01-05 17:50:05.190 [main] INFO  com.ids.NetworkTrafficAnalyzer - Opened interface: \Device\NPF_{4A2E2DA6-481C-4226-988E-E9BE13F44792} (Microsoft Wi-Fi Direct Virtual Adapter #2)
2026-01-05 17:50:05.193 [main] INFO  com.ids.NetworkTrafficAnalyzer - ========== Network Traffic Analyzer Started ==========
2026-01-05 17:50:05.193 [main] INFO  com.ids.NetworkTrafficAnalyzer - Interface: \Device\NPF_{4A2E2DA6-481C-4226-988E-E9BE13F44792}
2026-01-05 17:50:05.193 [main] INFO  com.ids.NetworkTrafficAnalyzer - Backend URL: http://localhost:8888/predict
2026-01-05 17:50:05.193 [main] INFO  com.ids.NetworkTrafficAnalyzer - Thread Pool Size: 4
2026-01-05 17:50:05.193 [main] INFO  com.ids.NetworkTrafficAnalyzer - ========================================================
2026-01-05 17:50:05.193 [main] INFO  com.ids.NetworkTrafficAnalyzer - Starting packet capture...
2026-01-05 17:50:05.194 [main] INFO  com.ids.NetworkTrafficAnalyzer - Set filter: ip done
2026-01-05 17:50:12.819 [Thread-0] INFO  com.ids.NetworkTrafficAnalyzer - Stopping packet capture...
2026-01-05 17:50:12.819 [main] INFO  com.ids.NetworkTrafficAnalyzer - Packet capture interrupted
2026-01-05 17:50:12.820 [Thread-0] INFO  com.ids.NetworkTrafficAnalyzer - Packet capture stopped
2026-01-05 17:50:39.346 [main] INFO  com.ids.NetworkTrafficAnalyzer - Opened interface: \Device\NPF_{2469318B-8544-42C2-9267-985AE6750D05} (Realtek PCIe GbE Family Controller)
2026-01-05 17:50:39.348 [main] INFO  com.ids.NetworkTrafficAnalyzer - ========== Network Traffic Analyzer Started ==========
2026-01-05 17:50:39.348 [main] INFO  com.ids.NetworkTrafficAnalyzer - Interface: \Device\NPF_{2469318B-8544-42C2-9267-985AE6750D05}
2026-01-05 17:50:39.348 [main] INFO  com.ids.NetworkTrafficAnalyzer - Backend URL: http://localhost:8888/predict
2026-01-05 17:50:39.348 [main] INFO  com.ids.NetworkTrafficAnalyzer - Thread Pool Size: 4
2026-01-05 17:50:39.348 [main] INFO  com.ids.NetworkTrafficAnalyzer - ========================================================
2026-01-05 17:50:39.348 [main] INFO  com.ids.NetworkTrafficAnalyzer - Starting packet capture...
2026-01-05 17:50:39.349 [main] INFO  com.ids.NetworkTrafficAnalyzer - Set filter: ip done
2026-01-05 17:51:14.418 [Thread-0] INFO  com.ids.NetworkTrafficAnalyzer - Stopping packet capture...
2026-01-05 17:51:14.418 [main] INFO  com.ids.NetworkTrafficAnalyzer - Packet capture interrupted
2026-01-05 17:51:14.419 [Thread-0] INFO  com.ids.NetworkTrafficAnalyzer - Packet capture stopped
2026-01-05 17:52:03.128 [main] INFO  com.ids.NetworkTrafficAnalyzer - Set filter: ip done
2026-01-05 17:52:03.129 [main] INFO  com.ids.NetworkTrafficAnalyzer - Opened interface: \Device\NPF_{2469318B-8544-42C2-9267-985AE6750D05} (Realtek PCIe GbE Family Controller)
2026-01-05 17:52:03.131 [main] INFO  com.ids.NetworkTrafficAnalyzer - ========== Network Traffic Analyzer Started ==========
2026-01-05 17:52:03.131 [main] INFO  com.ids.NetworkTrafficAnalyzer - Interface: \Device\NPF_{2469318B-8544-42C2-9267-985AE6750D05}
2026-01-05 17:52:03.131 [main] INFO  com.ids.NetworkTrafficAnalyzer - Backend URL: http://localhost:8888/predict
2026-01-05 17:52:03.131 [main] INFO  com.ids.NetworkTrafficAnalyzer - Thread Pool Size: 4
2026-01-05 17:52:03.131 [main] INFO  com.ids.NetworkTrafficAnalyzer - ========================================================
2026-01-05 17:52:03.131 [main] INFO  com.ids.NetworkTrafficAnalyzer - Starting packet capture...
2026-01-05 17:53:08.525 [Thread-0] INFO  com.ids.NetworkTrafficAnalyzer - Stopping packet capture...
2026-01-05 17:53:08.526 [main] INFO  com.ids.NetworkTrafficAnalyzer - Packet capture interrupted
2026-01-05 17:53:08.527 [Thread-0] INFO  com.ids.NetworkTrafficAnalyzer - Packet capture stopped
2026-01-05 17:53:42.334 [main] INFO  com.ids.NetworkTrafficAnalyzer - Set filter: ip done
2026-01-05 17:53:42.335 [main] INFO  com.ids.NetworkTrafficAnalyzer - Opened interface: \Device\NPF_{502EFF94-9853-4503-A0F0-33E5C0F7D50C} (Microsoft Wi-Fi Direct Virtual Adapter)
2026-01-05 17:53:42.336 [main] INFO  com.ids.NetworkTrafficAnalyzer - ========== Network Traffic Analyzer Started ==========
2026-01-05 17:53:42.336 [main] INFO  com.ids.NetworkTrafficAnalyzer - Interface: \Device\NPF_{502EFF94-9853-4503-A0F0-33E5C0F7D50C}
2026-01-05 17:53:42.337 [main] INFO  com.ids.NetworkTrafficAnalyzer - Backend URL: http://localhost:8888/predict
2026-01-05 17:53:42.337 [main] INFO  com.ids.NetworkTrafficAnalyzer - Thread Pool Size: 4
2026-01-05 17:53:42.337 [main] INFO  com.ids.NetworkTrafficAnalyzer - ========================================================
2026-01-05 17:53:42.337 [main] INFO  com.ids.NetworkTrafficAnalyzer - Starting packet capture...
2026-01-05 17:55:10.951 [Thread-0] INFO  com.ids.NetworkTrafficAnalyzer - Stopping packet capture...
2026-01-05 17:55:10.951 [main] INFO  com.ids.NetworkTrafficAnalyzer - Packet capture interrupted
2026-01-05 17:55:10.952 [Thread-0] INFO  com.ids.NetworkTrafficAnalyzer - Packet capture stopped
2026-01-05 17:55:13.215 [main] INFO  com.ids.NetworkTrafficAnalyzer - Opened interface: \Device\NPF_{502EFF94-9853-4503-A0F0-33E5C0F7D50C} (Microsoft Wi-Fi Direct Virtual Adapter)
2026-01-05 17:55:13.218 [main] INFO  com.ids.NetworkTrafficAnalyzer - ========== Network Traffic Analyzer Started ==========
2026-01-05 17:55:13.218 [main] INFO  com.ids.NetworkTrafficAnalyzer - Interface: \Device\NPF_{502EFF94-9853-4503-A0F0-33E5C0F7D50C}
2026-01-05 17:55:13.218 [main] INFO  com.ids.NetworkTrafficAnalyzer - Backend URL: http://localhost:8888/predict
2026-01-05 17:55:13.218 [main] INFO  com.ids.NetworkTrafficAnalyzer - Thread Pool Size: 4
2026-01-05 17:55:13.218 [main] INFO  com.ids.NetworkTrafficAnalyzer - ========================================================
2026-01-05 17:55:13.218 [main] INFO  com.ids.NetworkTrafficAnalyzer - Starting packet capture...
2026-01-05 17:56:27.000 [Thread-0] INFO  com.ids.NetworkTrafficAnalyzer - Stopping packet capture...
2026-01-05 17:56:27.001 [main] INFO  com.ids.NetworkTrafficAnalyzer - Packet capture interrupted
2026-01-05 17:56:27.002 [Thread-0] INFO  com.ids.NetworkTrafficAnalyzer - Packet capture stopped
2026-01-05 18:00:32.301 [main] INFO  com.ids.NetworkTrafficAnalyzer - Opened interface: \Device\NPF_{502EFF94-9853-4503-A0F0-33E5C0F7D50C} (Microsoft Wi-Fi Direct Virtual Adapter)
2026-01-05 18:00:32.303 [main] INFO  com.ids.NetworkTrafficAnalyzer - ========== Network Traffic Analyzer Started ==========
2026-01-05 18:00:32.303 [main] INFO  com.ids.NetworkTrafficAnalyzer - Interface: \Device\NPF_{502EFF94-9853-4503-A0F0-33E5C0F7D50C}
2026-01-05 18:00:32.303 [main] INFO  com.ids.NetworkTrafficAnalyzer - Backend URL: http://localhost:8888/predict
2026-01-05 18:00:32.303 [main] INFO  com.ids.NetworkTrafficAnalyzer - Thread Pool Size: 4
2026-01-05 18:00:32.303 [main] INFO  com.ids.NetworkTrafficAnalyzer - ========================================================
2026-01-05 18:00:32.303 [main] INFO  com.ids.NetworkTrafficAnalyzer - Starting packet capture...
2026-01-05 18:00:40.381 [Thread-0] INFO  com.ids.NetworkTrafficAnalyzer - Stopping packet capture...
2026-01-05 18:00:40.382 [Thread-0] INFO  com.ids.NetworkTrafficAnalyzer - Packet capture stopped
2026-01-05 18:00:58.343 [main] INFO  com.ids.NetworkTrafficAnalyzer - Opened interface: \Device\NPF_{2469318B-8544-42C2-9267-985AE6750D05} (Realtek PCIe GbE Family Controller)
2026-01-05 18:00:58.345 [main] INFO  com.ids.NetworkTrafficAnalyzer - ========== Network Traffic Analyzer Started ==========
2026-01-05 18:00:58.345 [main] INFO  com.ids.NetworkTrafficAnalyzer - Interface: \Device\NPF_{2469318B-8544-42C2-9267-985AE6750D05}
2026-01-05 18:00:58.345 [main] INFO  com.ids.NetworkTrafficAnalyzer - Backend URL: http://localhost:8888/predict
2026-01-05 18:00:58.345 [main] INFO  com.ids.NetworkTrafficAnalyzer - Thread Pool Size: 4
2026-01-05 18:00:58.345 [main] INFO  com.ids.NetworkTrafficAnalyzer - ========================================================
2026-01-05 18:00:58.345 [main] INFO  com.ids.NetworkTrafficAnalyzer - Starting packet capture...
2026-01-05 18:01:01.789 [Thread-0] INFO  com.ids.NetworkTrafficAnalyzer - Stopping packet capture...
2026-01-05 18:01:01.789 [main] ERROR com.ids.NetworkTrafficAnalyzer - Fatal error: java.lang.InterruptedException
java.lang.RuntimeException: java.lang.InterruptedException
	at com.ids.NetworkTrafficAnalyzer.start(NetworkTrafficAnalyzer.java:65)
	at com.ids.NetworkTrafficAnalyzer.main(NetworkTrafficAnalyzer.java:238)
Caused by: java.lang.InterruptedException: null
	at org.pcap4j.core.PcapHandle.doLoop(PcapHandle.java:843)
	at org.pcap4j.core.PcapHandle.loop(PcapHandle.java:770)
	at org.pcap4j.core.PcapHandle.loop(PcapHandle.java:741)
	at com.ids.NetworkTrafficAnalyzer.start(NetworkTrafficAnalyzer.java:59)
	... 1 common frames omitted
2026-01-05 18:01:01.790 [Thread-0] INFO  com.ids.NetworkTrafficAnalyzer - Packet capture stopped
2026-01-05 18:01:15.945 [main] INFO  com.ids.NetworkTrafficAnalyzer - Opened interface: \Device\NPF_{2469318B-8544-42C2-9267-985AE6750D05} (Realtek PCIe GbE Family Controller)
2026-01-05 18:01:15.947 [main] INFO  com.ids.NetworkTrafficAnalyzer - ========== Network Traffic Analyzer Started ==========
2026-01-05 18:01:15.947 [main] INFO  com.ids.NetworkTrafficAnalyzer - Interface: \Device\NPF_{2469318B-8544-42C2-9267-985AE6750D05}
2026-01-05 18:01:15.947 [main] INFO  com.ids.NetworkTrafficAnalyzer - Backend URL: http://localhost:8888/predict
2026-01-05 18:01:15.947 [main] INFO  com.ids.NetworkTrafficAnalyzer - Thread Pool Size: 4
2026-01-05 18:01:15.947 [main] INFO  com.ids.NetworkTrafficAnalyzer - ========================================================
2026-01-05 18:01:15.947 [main] INFO  com.ids.NetworkTrafficAnalyzer - Starting packet capture...
2026-01-05 18:01:19.292 [Thread-0] INFO  com.ids.NetworkTrafficAnalyzer - Stopping packet capture...
2026-01-05 18:01:19.294 [Thread-0] INFO  com.ids.NetworkTrafficAnalyzer - Packet capture stopped
2026-01-05 18:01:19.293 [main] ERROR com.ids.NetworkTrafficAnalyzer - Fatal error: java.lang.InterruptedException
java.lang.RuntimeException: java.lang.InterruptedException
	at com.ids.NetworkTrafficAnalyzer.start(NetworkTrafficAnalyzer.java:65)
	at com.ids.NetworkTrafficAnalyzer.main(NetworkTrafficAnalyzer.java:238)
Caused by: java.lang.InterruptedException: null
	at org.pcap4j.core.PcapHandle.doLoop(PcapHandle.java:843)
	at org.pcap4j.core.PcapHandle.loop(PcapHandle.java:770)
	at org.pcap4j.core.PcapHandle.loop(PcapHandle.java:741)
	at com.ids.NetworkTrafficAnalyzer.start(NetworkTrafficAnalyzer.java:59)
	... 1 common frames omitted
